<?xml version="1.0" encoding="UTF-8"?>
<testng-results ignored="0" total="5" passed="5" failed="0" skipped="0">
  <reporter-output>
  </reporter-output>
  <suite started-at="2023-03-03T11:29:46 EST" name="Default suite" finished-at="2023-03-03T11:30:47 EST" duration-ms="60622">
    <groups>
      <group name="cucumber">
        <method signature="AbstractTestNGCucumberTests.runScenario(io.cucumber.testng.PickleWrapper,io.cucumber.testng.FeatureWrapper)[pri:0, instance:com.runner.RunnerForSalesforce@5fdcaa40]" name="runScenario" class="io.cucumber.testng.AbstractTestNGCucumberTests"/>
      </group> <!-- cucumber -->
    </groups>
    <test started-at="2023-03-03T11:29:46 EST" name="Default test" finished-at="2023-03-03T11:30:47 EST" duration-ms="60622">
      <class name="com.runner.RunnerForSalesforce">
        <test-method is-config="true" signature="setUpClass(org.testng.ITestContext)[pri:0, instance:com.runner.RunnerForSalesforce@5fdcaa40]" started-at="2023-03-03T11:29:47 EST" name="setUpClass" finished-at="2023-03-03T11:29:47 EST" duration-ms="647" status="PASS">
          <params>
            <param index="0">
              <value>
                <![CDATA[org.testng.TestRunner@27bcb4ad]]>
              </value>
            </param>
          </params>
          <reporter-output>
          </reporter-output>
        </test-method> <!-- setUpClass -->
        <test-method signature="runScenario(io.cucumber.testng.PickleWrapper,io.cucumber.testng.FeatureWrapper)[pri:0, instance:com.runner.RunnerForSalesforce@5fdcaa40]" started-at="2023-03-03T11:29:47 EST" name="runScenario" description="Runs Cucumber Scenarios" data-provider="scenarios" finished-at="2023-03-03T11:30:01 EST" duration-ms="14193" status="PASS">
          <params>
            <param index="0">
              <value>
                <![CDATA["Login with valid username and valid Password"]]>
              </value>
            </param>
            <param index="1">
              <value>
                <![CDATA["Login into salesforce application"]]>
              </value>
            </param>
          </params>
          <reporter-output>
          </reporter-output>
        </test-method> <!-- runScenario -->
        <test-method signature="runScenario(io.cucumber.testng.PickleWrapper,io.cucumber.testng.FeatureWrapper)[pri:0, instance:com.runner.RunnerForSalesforce@5fdcaa40]" started-at="2023-03-03T11:30:01 EST" name="runScenario" description="Runs Cucumber Scenarios" data-provider="scenarios" finished-at="2023-03-03T11:30:09 EST" duration-ms="7545" status="PASS">
          <params>
            <param index="0">
              <value>
                <![CDATA["Login with valid username and invalid Password"]]>
              </value>
            </param>
            <param index="1">
              <value>
                <![CDATA["Login into salesforce application"]]>
              </value>
            </param>
          </params>
          <reporter-output>
          </reporter-output>
        </test-method> <!-- runScenario -->
        <test-method signature="runScenario(io.cucumber.testng.PickleWrapper,io.cucumber.testng.FeatureWrapper)[pri:0, instance:com.runner.RunnerForSalesforce@5fdcaa40]" started-at="2023-03-03T11:30:09 EST" name="runScenario" description="Runs Cucumber Scenarios" data-provider="scenarios" finished-at="2023-03-03T11:30:19 EST" duration-ms="9730" status="PASS">
          <params>
            <param index="0">
              <value>
                <![CDATA["Login with Rememberme"]]>
              </value>
            </param>
            <param index="1">
              <value>
                <![CDATA["Login into salesforce application"]]>
              </value>
            </param>
          </params>
          <reporter-output>
          </reporter-output>
        </test-method> <!-- runScenario -->
        <test-method signature="runScenario(io.cucumber.testng.PickleWrapper,io.cucumber.testng.FeatureWrapper)[pri:0, instance:com.runner.RunnerForSalesforce@5fdcaa40]" started-at="2023-03-03T11:30:19 EST" name="runScenario" description="Runs Cucumber Scenarios" data-provider="scenarios" finished-at="2023-03-03T11:30:38 EST" duration-ms="19320" status="PASS">
          <params>
            <param index="0">
              <value>
                <![CDATA["Click Forgot password with Invalid username and Invalid password"]]>
              </value>
            </param>
            <param index="1">
              <value>
                <![CDATA["Login into salesforce application"]]>
              </value>
            </param>
          </params>
          <reporter-output>
          </reporter-output>
        </test-method> <!-- runScenario -->
        <test-method signature="runScenario(io.cucumber.testng.PickleWrapper,io.cucumber.testng.FeatureWrapper)[pri:0, instance:com.runner.RunnerForSalesforce@5fdcaa40]" started-at="2023-03-03T11:30:38 EST" name="runScenario" description="Runs Cucumber Scenarios" data-provider="scenarios" finished-at="2023-03-03T11:30:47 EST" duration-ms="8635" status="PASS">
          <params>
            <param index="0">
              <value>
                <![CDATA["Click Forgot password with only valid username"]]>
              </value>
            </param>
            <param index="1">
              <value>
                <![CDATA["Login into salesforce application"]]>
              </value>
            </param>
          </params>
          <reporter-output>
          </reporter-output>
        </test-method> <!-- runScenario -->
        <test-method is-config="true" signature="tearDownClass()[pri:0, instance:com.runner.RunnerForSalesforce@5fdcaa40]" started-at="2023-03-03T11:30:47 EST" name="tearDownClass" finished-at="2023-03-03T11:30:47 EST" duration-ms="17" status="PASS">
          <reporter-output>
          </reporter-output>
        </test-method> <!-- tearDownClass -->
      </class> <!-- com.runner.RunnerForSalesforce -->
    </test> <!-- Default test -->
  </suite> <!-- Default suite -->
</testng-results>
